<?xml version="1.0" encoding="UTF-8"?>
<!-- Generated by org.testng.reporters.JUnitReportReporter -->
<testsuite hostname="LAPTOP-QMK202VJ" name="runner.ExecuteTestRunner" tests="1" failures="0" timestamp="21 Nov 2020 16:14:42 GMT" time="39.160" errors="0">
  <testcase name="feature" time="39.160" classname="runner.ExecuteTestRunner"/>
</testsuite> <!-- runner.ExecuteTestRunner -->
